<?xml version="1.0" encoding="UTF-8"?>
<!-- Generated by org.testng.reporters.JUnitXMLReporter -->
<testsuite ignored="0" hostname="LAPTOP-II19GFEG" failures="0" tests="4" name="Surefire test" time="55.895" errors="0" timestamp="31 May 2022 05:27:22 GMT">
  <testcase classname="com.simplilearn.ApplicationTests" name="addStudent" time="15.383"/>
  <testcase classname="com.simplilearn.ApplicationTests" name="readStudent" time="9.447"/>
  <testcase classname="com.simplilearn.ApplicationTests" name="removeStudent" time="13.672"/>
  <testcase classname="com.simplilearn.ApplicationTests" name="updateStudent" time="17.366"/>
</testsuite> <!-- Surefire test -->
