<?xml version="1.0" encoding="UTF-8"?>
<testng-results ignored="0" total="4" passed="4" failed="0" skipped="0">
  <reporter-output>
  </reporter-output>
  <suite started-at="2022-05-31T05:26:27Z" name="Surefire suite" finished-at="2022-05-31T05:27:22Z" duration-ms="55895">
    <groups>
    </groups>
    <test started-at="2022-05-31T05:26:27Z" name="Surefire test" finished-at="2022-05-31T05:27:22Z" duration-ms="55895">
      <class name="com.simplilearn.ApplicationTests">
        <test-method signature="addStudent()[pri:0, instance:com.simplilearn.ApplicationTests@11e21d0e]" started-at="2022-05-31T05:26:27Z" name="addStudent" finished-at="2022-05-31T05:26:42Z" duration-ms="15383" status="PASS">
          <reporter-output>
          </reporter-output>
        </test-method> <!-- addStudent -->
        <test-method signature="readStudent()[pri:0, instance:com.simplilearn.ApplicationTests@11e21d0e]" started-at="2022-05-31T05:26:42Z" name="readStudent" finished-at="2022-05-31T05:26:51Z" duration-ms="9447" status="PASS">
          <reporter-output>
          </reporter-output>
        </test-method> <!-- readStudent -->
        <test-method signature="removeStudent()[pri:0, instance:com.simplilearn.ApplicationTests@11e21d0e]" started-at="2022-05-31T05:26:51Z" name="removeStudent" finished-at="2022-05-31T05:27:05Z" duration-ms="13672" status="PASS">
          <reporter-output>
          </reporter-output>
        </test-method> <!-- removeStudent -->
        <test-method signature="updateStudent()[pri:0, instance:com.simplilearn.ApplicationTests@11e21d0e]" started-at="2022-05-31T05:27:05Z" name="updateStudent" finished-at="2022-05-31T05:27:22Z" duration-ms="17366" status="PASS">
          <reporter-output>
          </reporter-output>
        </test-method> <!-- updateStudent -->
      </class> <!-- com.simplilearn.ApplicationTests -->
    </test> <!-- Surefire test -->
  </suite> <!-- Surefire suite -->
</testng-results>
